; This is the Calva evaluation results output window.
; TIPS: The keyboard shortcut `ctrl+alt+o o` shows and focuses this window
;   when connected to a REPL session.
; Please see https://calva.io/output/ for more info.
; Happy coding! â™¥ï¸

; Jacking in...
; Starting Jack-in Terminal: lein update-in :dependencies conj '[nrepl,"1.0.0"]' -- update-in :plugins conj '[cider/cider-nrepl,"0.28.5"]' -- update-in '[:repl-options,:nrepl-middleware]' conj '["cider.nrepl/cider-middleware"]' -- repl :headless
; Hooking up nREPL sessions...
; Connected session: clj
; TIPS:
;   - You can edit the contents here. Use it as a REPL if you like.
;   - `alt+enter` evaluates the current top level form.
;   - `ctrl+enter` evaluates the current form.
;   - `alt+up` and `alt+down` traverse up and down the REPL command history
;      when the cursor is after the last contents at the prompt
;   - Clojure lines in stack traces are peekable and clickable.
cljêž‰todos.coreêž‰>Â  ; Use `alt+enter` to evaluate
; Jack-in done.
cljêž‰todos.coreêž‰>Â 
#'todos.topics.stubbing/stubbing
cljêž‰todos.topics.stubbingêž‰>Â 
nil
cljêž‰todos.topics.stubbingêž‰>Â 
#'todos.topics.stubbing/stubbing
cljêž‰todos.topics.stubbingêž‰>Â 
; Error printing return value (IllegalArgumentException) at clojure.lang.RT/seqFrom (RT.java:553).
; Don't know how to create ISeq from: java.lang.Long
cljêž‰todos.topics.stubbingêž‰>Â 
(3 1)
cljêž‰todos.topics.stubbingêž‰>Â 
; Execution error (FileNotFoundException) at todos.topics.tdd-test/eval7954$loading (form-init14296293143392148009.clj:1).
; Could not locate stubbing__init.class, stubbing.clj or stubbing.cljc on classpath.
cljêž‰todos.topics.tdd-testêž‰>Â 
nil
cljêž‰todos.topics.tdd-testêž‰>Â 
; Syntax error compiling at (tdd_test.clj:40:3).
; Unable to resolve symbol: expensez in this context
cljêž‰todos.topics.tdd-testêž‰>Â 
#'todos.topics.tdd-test/test-fetch-expenses-greater-than
cljêž‰todos.topics.tdd-testêž‰>Â 
(clojure.core/with-redefs-fn
 {#'fetch-all-expenses (constantly expensez)}
 (clojure.core/fn
  []
  (let
   [filtered (fetch-expenses-greater-than "" "" "" 15.0)]
   (is (= (count filtered) 2))
   (is (= (:amount (first filtered)) 20))
   (is (= (:amount (last filtered)) 30)))))
cljêž‰todos.topics.stubbingêž‰>Â 
#function[clojure.core/constantly/fn--5657]
cljêž‰todos.topics.stubbingêž‰>Â 
#'todos.topics.stubbing/stup
cljêž‰todos.topics.stubbingêž‰>Â 
:a
cljêž‰todos.topics.stubbingêž‰>Â 
:a
cljêž‰todos.topics.stubbingêž‰>Â 
:a
cljêž‰todos.topics.stubbingêž‰>Â 
#'todos.topics.tdd-test/expenses-greater-than-test
cljêž‰todos.topics.tdd-testêž‰>Â 
; Running all project testsâ€¦
Audit: called  expenses-greater-than  with  10
Audit: called  expenses-greater-than  with  15
; FAIL in todos.topics.tdd-test/test-fetch-expenses-greater-than (form-init14296293143392148009.clj:43):
; expected:
(= (:amount (first filtered)) 20)

; actual:
(not (= 20.0 20))

; FAIL in todos.topics.tdd-test/test-fetch-expenses-greater-than (form-init14296293143392148009.clj:44):
; expected:
(= (:amount (last filtered)) 30)

; actual:
(not (= 30.0 30))

; 14 tests finished, problems found. ðŸ˜­ errors: 0, failures: 2, ns: 1, vars: 6
cljêž‰todos.topics.tdd-testêž‰>Â 
#'todos.topics.tdd-test/expenses-greater-than-test
cljêž‰todos.topics.tdd-testêž‰>Â 
; Running all project testsâ€¦
Audit: called  expenses-greater-than  with  10
Audit: called  expenses-greater-than  with  15
; 14 tests finished, all passing ðŸ‘, ns: 1, vars: 6
cljêž‰todos.topics.tdd-testêž‰>Â 
#'todos.topics.tdd-test/expenses-greater-than-test
cljêž‰todos.topics.tdd-testêž‰>Â 
; Running all project testsâ€¦
Audit: called  expenses-greater-than  with  10
Audit: called  expenses-greater-than  with  15
; 16 tests finished, all passing ðŸ‘, ns: 1, vars: 6
cljêž‰todos.topics.tdd-testêž‰>Â 
; Running all project testsâ€¦
Audit: called  expenses-greater-than  with  10
Audit: called  expenses-greater-than  with  15
; 16 tests finished, all passing ðŸ‘, ns: 1, vars: 6
cljêž‰todos.topics.tdd-testêž‰>Â 
#'todos.topics.stubbing/mock-calls
cljêž‰todos.topics.stubbingêž‰>Â 
#'todos.topics.stubbing/stub-fn
cljêž‰todos.topics.stubbingêž‰>Â 
; Execution error (ArityException) at todos.topics.stubbing/stubbing (form-init14296293143392148009.clj:12).
; Wrong number of args (1) passed to: todos.topics.stubbing/stubbing/fn--8538
cljêž‰todos.topics.stubbingêž‰>Â 
#'todos.topics.stubbing/stub-fn
cljêž‰todos.topics.stubbingêž‰>Â 
#'todos.topics.stubbing/mock-calls
cljêž‰todos.topics.stubbingêž‰>Â 
#'todos.topics.stubbing/stub-fn
cljêž‰todos.topics.stubbingêž‰>Â 
#'todos.topics.stubbing/stubbing
cljêž‰todos.topics.stubbingêž‰>Â 
#'todos.topics.stubbing/stub-fn
cljêž‰todos.topics.stubbingêž‰>Â 
(clojure.core/with-redefs-fn
 {#'fetch-all-expenses (todos.topics.stubbing/stub-fn fetch-all-expenses expensez)}
 (clojure.core/fn
  []
  (let
   [filtered (fetch-expenses-greater-than "" "" "" 15.0)]
   (is (= (count filtered) 2))
   (is (= (:amount (first filtered)) 20))
   (is (= (:amount (last filtered)) 30)))))
cljêž‰todos.topics.stubbingêž‰>Â 
#'todos.topics.stubbing/mock-fn
cljêž‰todos.topics.stubbingêž‰>Â 
#'todos.topics.stubbing/mocking
cljêž‰todos.topics.stubbingêž‰>Â 
#'todos.topics.stubbing/mocking
cljêž‰todos.topics.stubbingêž‰>Â 
#'todos.topics.stubbing/bfs
cljêž‰todos.topics.stubbingêž‰>Â 
#'todos.topics.stubbing/graph
cljêž‰todos.topics.stubbingêž‰>Â 
; Execution error (ClassCastException) at todos.topics.stubbing/bfs (form-init14296293143392148009.clj:42).
; class clojure.lang.PersistentHashSet cannot be cast to class clojure.lang.IAtom (clojure.lang.PersistentHashSet and clojure.lang.IAtom are in unnamed module of loader 'app')
cljêž‰todos.topics.stubbingêž‰>Â 
#'todos.topics.stubbing/bfs
cljêž‰todos.topics.stubbingêž‰>Â 
#'todos.topics.stubbing/graph
cljêž‰todos.topics.stubbingêž‰>Â 
; Execution error (ClassCastException) at todos.topics.stubbing/bfs (form-init14296293143392148009.clj:42).
; class clojure.lang.PersistentList cannot be cast to class clojure.lang.IAtom (clojure.lang.PersistentList and clojure.lang.IAtom are in unnamed module of loader 'app')
cljêž‰todos.topics.stubbingêž‰>Â 
#'todos.topics.stubbing/bfs
cljêž‰todos.topics.stubbingêž‰>Â 
#'todos.topics.stubbing/graph
cljêž‰todos.topics.stubbingêž‰>Â 
; Execution error (ClassCastException) at todos.topics.stubbing/bfs (form-init14296293143392148009.clj:42).
; class clojure.lang.PersistentList cannot be cast to class clojure.lang.IAtom (clojure.lang.PersistentList and clojure.lang.IAtom are in unnamed module of loader 'app')
cljêž‰todos.topics.stubbingêž‰>Â 
#'todos.topics.stubbing/mocking
cljêž‰todos.topics.stubbingêž‰>Â 
; Syntax error compiling at (tdd_test.clj:47:3).
; Unable to resolve symbol: mocking in this context
cljêž‰todos.topics.tdd-testêž‰>Â 
#'todos.topics.stubbing/mocking
cljêž‰todos.topics.stubbingêž‰>Â 
#'todos.topics.tdd-test/expenses-greater-than-test
cljêž‰todos.topics.tdd-testêž‰>Â 
; Running all project testsâ€¦
; ERROR in todos.topics.tdd-test/expenses-greater-than-test (APersistentMap.java:51):
; : Uncaught exception, not in assertion
; error: java.lang.ClassCastException: class java.lang.String cannot be cast to class java.util.Map$Entry (java.lang.String and java.util.Map$Entry are in module java.base of loader 'bootstrap') (APersistentMap.java:51)
; ERROR in todos.topics.tdd-test/test-fetch-expenses-greater-than (APersistentMap.java:41):
; : Uncaught exception, not in assertion
; error: java.lang.ClassCastException: class java.lang.String cannot be cast to class java.util.Map$Entry (java.lang.String and java.util.Map$Entry are in module java.base of loader 'bootstrap') (APersistentMap.java:41)
; 12 tests finished, problems found. ðŸ˜­ errors: 2, failures: 0, ns: 1, vars: 6
cljêž‰todos.topics.tdd-testêž‰>Â 
#'todos.topics.tdd-test/test-filter-greater-than
cljêž‰todos.topics.tdd-testêž‰>Â 
#'todos.topics.tdd-test/test-filter-greater-than
cljêž‰todos.topics.tdd-testêž‰>Â 
; Running all project testsâ€¦
; ERROR in todos.topics.tdd-test/expenses-greater-than-test (APersistentMap.java:51):
; : Uncaught exception, not in assertion
; error: java.lang.ClassCastException: class java.lang.String cannot be cast to class java.util.Map$Entry (java.lang.String and java.util.Map$Entry are in module java.base of loader 'bootstrap') (APersistentMap.java:51)
; ERROR in todos.topics.tdd-test/test-fetch-expenses-greater-than (APersistentMap.java:41):
; : Uncaught exception, not in assertion
; error: java.lang.ClassCastException: class java.lang.String cannot be cast to class java.util.Map$Entry (java.lang.String and java.util.Map$Entry are in module java.base of loader 'bootstrap') (APersistentMap.java:41)
; ERROR in todos.topics.tdd-test/test-filter-greater-than (APersistentMap.java:50):
; : Uncaught exception, not in assertion
; error: java.lang.ClassCastException: class java.lang.String cannot be cast to class java.util.Map$Entry (java.lang.String and java.util.Map$Entry are in module java.base of loader 'bootstrap') (APersistentMap.java:50)
; 13 tests finished, problems found. ðŸ˜­ errors: 3, failures: 0, ns: 1, vars: 7
cljêž‰todos.topics.tdd-testêž‰>Â 
#'todos.topics.tdd/fetch-expenses-greater-than
cljêž‰todos.topics.tddêž‰>Â 
#'todos.topics.stubbing/mocking
cljêž‰todos.topics.stubbingêž‰>Â 
#'todos.topics.tdd-test/expenses-greater-than-test
cljêž‰todos.topics.tdd-testêž‰>Â 
; Running all project testsâ€¦
; ERROR in todos.topics.tdd-test/expenses-greater-than-test (APersistentMap.java:51):
; : Uncaught exception, not in assertion
; error: java.lang.ClassCastException: class java.lang.String cannot be cast to class java.util.Map$Entry (java.lang.String and java.util.Map$Entry are in module java.base of loader 'bootstrap') (APersistentMap.java:51)
; ERROR in todos.topics.tdd-test/test-fetch-expenses-greater-than (APersistentMap.java:41):
; : Uncaught exception, not in assertion
; error: java.lang.ClassCastException: class java.lang.String cannot be cast to class java.util.Map$Entry (java.lang.String and java.util.Map$Entry are in module java.base of loader 'bootstrap') (APersistentMap.java:41)
; ERROR in todos.topics.tdd-test/test-filter-greater-than (APersistentMap.java:50):
; : Uncaught exception, not in assertion
; error: java.lang.ClassCastException: class java.lang.String cannot be cast to class java.util.Map$Entry (java.lang.String and java.util.Map$Entry are in module java.base of loader 'bootstrap') (APersistentMap.java:50)
; 13 tests finished, problems found. ðŸ˜­ errors: 3, failures: 0, ns: 1, vars: 7
cljêž‰todos.topics.tdd-testêž‰>Â 
#'todos.topics.stubbing/mocking
cljêž‰todos.topics.stubbingêž‰>Â 
; Running all project testsâ€¦
; ERROR in todos.topics.tdd-test/expenses-greater-than-test (APersistentMap.java:51):
; : Uncaught exception, not in assertion
; error: java.lang.ClassCastException: class java.lang.String cannot be cast to class java.util.Map$Entry (java.lang.String and java.util.Map$Entry are in module java.base of loader 'bootstrap') (APersistentMap.java:51)
; ERROR in todos.topics.tdd-test/test-fetch-expenses-greater-than (APersistentMap.java:41):
; : Uncaught exception, not in assertion
; error: java.lang.ClassCastException: class java.lang.String cannot be cast to class java.util.Map$Entry (java.lang.String and java.util.Map$Entry are in module java.base of loader 'bootstrap') (APersistentMap.java:41)
; ERROR in todos.topics.tdd-test/test-filter-greater-than (APersistentMap.java:50):
; : Uncaught exception, not in assertion
; error: java.lang.ClassCastException: class java.lang.String cannot be cast to class java.util.Map$Entry (java.lang.String and java.util.Map$Entry are in module java.base of loader 'bootstrap') (APersistentMap.java:50)
; 13 tests finished, problems found. ðŸ˜­ errors: 3, failures: 0, ns: 1, vars: 7
cljêž‰todos.topics.stubbingêž‰>Â 
; Running all project testsâ€¦
; ERROR in todos.topics.tdd-test/expenses-greater-than-test (APersistentMap.java:51):
; : Uncaught exception, not in assertion
; error: java.lang.ClassCastException: class java.lang.String cannot be cast to class java.util.Map$Entry (java.lang.String and java.util.Map$Entry are in module java.base of loader 'bootstrap') (APersistentMap.java:51)
; ERROR in todos.topics.tdd-test/test-fetch-expenses-greater-than (APersistentMap.java:41):
; : Uncaught exception, not in assertion
; error: java.lang.ClassCastException: class java.lang.String cannot be cast to class java.util.Map$Entry (java.lang.String and java.util.Map$Entry are in module java.base of loader 'bootstrap') (APersistentMap.java:41)
; ERROR in todos.topics.tdd-test/test-filter-greater-than (APersistentMap.java:50):
; : Uncaught exception, not in assertion
; error: java.lang.ClassCastException: class java.lang.String cannot be cast to class java.util.Map$Entry (java.lang.String and java.util.Map$Entry are in module java.base of loader 'bootstrap') (APersistentMap.java:50)
; 13 tests finished, problems found. ðŸ˜­ errors: 3, failures: 0, ns: 1, vars: 7
cljêž‰todos.topics.stubbingêž‰>Â 
#'todos.topics.tdd-test/test-fetch-expenses-greater-than
cljêž‰todos.topics.tdd-testêž‰>Â 
; Running all project testsâ€¦
; ERROR in todos.topics.tdd-test/expenses-greater-than-test (APersistentMap.java:51):
; : Uncaught exception, not in assertion
; error: java.lang.ClassCastException: class java.lang.String cannot be cast to class java.util.Map$Entry (java.lang.String and java.util.Map$Entry are in module java.base of loader 'bootstrap') (APersistentMap.java:51)
; ERROR in todos.topics.tdd-test/test-fetch-expenses-greater-than (APersistentMap.java:41):
; : Uncaught exception, not in assertion
; error: java.lang.ClassCastException: class java.lang.String cannot be cast to class java.util.Map$Entry (java.lang.String and java.util.Map$Entry are in module java.base of loader 'bootstrap') (APersistentMap.java:41)
; ERROR in todos.topics.tdd-test/test-filter-greater-than (APersistentMap.java:50):
; : Uncaught exception, not in assertion
; error: java.lang.ClassCastException: class java.lang.String cannot be cast to class java.util.Map$Entry (java.lang.String and java.util.Map$Entry are in module java.base of loader 'bootstrap') (APersistentMap.java:50)
; 13 tests finished, problems found. ðŸ˜­ errors: 3, failures: 0, ns: 1, vars: 7
cljêž‰todos.topics.tdd-testêž‰>Â 
#'todos.topics.stubbing/mocking
cljêž‰todos.topics.stubbingêž‰>Â 
#'todos.topics.tdd-test/expenses-greater-than-test
cljêž‰todos.topics.tdd-testêž‰>Â 
#'todos.topics.tdd/fetch-expenses-greater-than
cljêž‰todos.topics.tddêž‰>Â 
; Running all project testsâ€¦
; ERROR in todos.topics.tdd-test/expenses-greater-than-test (APersistentMap.java:51):
; : Uncaught exception, not in assertion
; error: java.lang.ClassCastException: class java.lang.String cannot be cast to class java.util.Map$Entry (java.lang.String and java.util.Map$Entry are in module java.base of loader 'bootstrap') (APersistentMap.java:51)
; ERROR in todos.topics.tdd-test/test-fetch-expenses-greater-than (APersistentMap.java:41):
; : Uncaught exception, not in assertion
; error: java.lang.ClassCastException: class java.lang.String cannot be cast to class java.util.Map$Entry (java.lang.String and java.util.Map$Entry are in module java.base of loader 'bootstrap') (APersistentMap.java:41)
; ERROR in todos.topics.tdd-test/test-filter-greater-than (APersistentMap.java:50):
; : Uncaught exception, not in assertion
; error: java.lang.ClassCastException: class java.lang.String cannot be cast to class java.util.Map$Entry (java.lang.String and java.util.Map$Entry are in module java.base of loader 'bootstrap') (APersistentMap.java:50)
; 13 tests finished, problems found. ðŸ˜­ errors: 3, failures: 0, ns: 1, vars: 7
cljêž‰todos.topics.tddêž‰>Â 
#'todos.topics.stubbing/stubbing
cljêž‰todos.topics.stubbingêž‰>Â 
; Running all project testsâ€¦
Audit: called  expenses-greater-than  with  10
; 19 tests finished, all passing ðŸ‘, ns: 1, vars: 7
cljêž‰todos.topics.stubbingêž‰>Â 
#'todos.topics.stubbing/mocking
cljêž‰todos.topics.stubbingêž‰>Â 
; Running all project testsâ€¦
; ERROR in todos.topics.tdd-test/expenses-greater-than-test (APersistentMap.java:51):
; : Uncaught exception, not in assertion
; error: java.lang.ClassCastException: class java.lang.String cannot be cast to class java.util.Map$Entry (java.lang.String and java.util.Map$Entry are in module java.base of loader 'bootstrap') (APersistentMap.java:51)
; ERROR in todos.topics.tdd-test/test-fetch-expenses-greater-than (APersistentMap.java:41):
; : Uncaught exception, not in assertion
; error: java.lang.ClassCastException: class java.lang.String cannot be cast to class java.util.Map$Entry (java.lang.String and java.util.Map$Entry are in module java.base of loader 'bootstrap') (APersistentMap.java:41)
; ERROR in todos.topics.tdd-test/test-filter-greater-than (APersistentMap.java:50):
; : Uncaught exception, not in assertion
; error: java.lang.ClassCastException: class java.lang.String cannot be cast to class java.util.Map$Entry (java.lang.String and java.util.Map$Entry are in module java.base of loader 'bootstrap') (APersistentMap.java:50)
; 13 tests finished, problems found. ðŸ˜­ errors: 3, failures: 0, ns: 1, vars: 7
cljêž‰todos.topics.stubbingêž‰>Â 
#'todos.topics.stubbing/stubbing
cljêž‰todos.topics.stubbingêž‰>Â 
; Running all project testsâ€¦
Audit: called  expenses-greater-than  with  10
; 19 tests finished, all passing ðŸ‘, ns: 1, vars: 7
cljêž‰todos.topics.stubbingêž‰>Â 
#'todos.topics.stubbing/verify-call-times-for
cljêž‰todos.topics.stubbingêž‰>Â 
(todos.topics.stubbing/is (clojure.core/= 1 (clojure.core/count (@todos.topics.stubbing/mock-calls nil))))
cljêž‰todos.topics.stubbingêž‰>Â 
:no
cljêž‰todos.topics.stubbingêž‰>Â 
:verify-call-times-for
cljêž‰todos.topics.stubbingêž‰>Â 
(todos.topics.stubbing/is (clojure.core/= 1 (clojure.core/count (@todos.topics.stubbing/mock-calls nil))))
cljêž‰todos.topics.stubbingêž‰>Â 
; Syntax error compiling at (tdd_test.clj:55:14).
; No such var: todos.topics.stubbing/is
cljêž‰todos.topics.tdd-testêž‰>Â 
; Syntax error compiling at (tdd_test.clj:55:12).
; No such var: todos.topics.stubbing/is
cljêž‰todos.topics.tdd-testêž‰>Â 
#'todos.topics.stubbing/verify-nth-call-args-for
cljêž‰todos.topics.stubbingêž‰>Â 
; Syntax error compiling at (tdd_test.clj:55:12).
; No such var: todos.topics.stubbing/is
cljêž‰todos.topics.tdd-testêž‰>Â 
#'todos.topics.stubbing/verify-nth-call-args-for
cljêž‰todos.topics.stubbingêž‰>Â 
#'todos.topics.tdd-test/expenses-greater-than-test
cljêž‰todos.topics.tdd-testêž‰>Â 
; Running all project testsâ€¦
Audit: called  expenses-greater-than  with  10
; FAIL in todos.topics.tdd-test/expenses-greater-than-test (form-init14296293143392148009.clj:56):
; expected:
("expenses-greater-than" 15.0)

; actual:
("expenses-greater-than" 15)

; FAIL in todos.topics.tdd-test/expenses-greater-than-test (form-init14296293143392148009.clj:57):
; expected:
("expenses-greater-than" 15.0)

; actual:
("expenses-greater-than" 15)

; 22 tests finished, problems found. ðŸ˜­ errors: 0, failures: 2, ns: 1, vars: 7
cljêž‰todos.topics.tdd-testêž‰>Â 
#'todos.topics.tdd-test/expenses-greater-than-test
cljêž‰todos.topics.tdd-testêž‰>Â 
; Running all project testsâ€¦
Audit: called  expenses-greater-than  with  10
; 22 tests finished, all passing ðŸ‘, ns: 1, vars: 7
cljêž‰todos.topics.tdd-testêž‰>Â 
#'todos.topics.tdd-test/expenses-greater-than-test
cljêž‰todos.topics.tdd-testêž‰>Â 
; Running all project testsâ€¦
Audit: called  expenses-greater-than  with  10
; 22 tests finished, all passing ðŸ‘, ns: 1, vars: 7
cljêž‰todos.topics.tdd-testêž‰>Â 
#'todos.topics.stubbing/defmocktest
cljêž‰todos.topics.stubbingêž‰>Â 
#'todos.topics.tdd-test/expenses-greater-than-test
cljêž‰todos.topics.tdd-testêž‰>Â 
; Running all project testsâ€¦
; ERROR in todos.topics.tdd-test/test-fetch-expenses-greater-than (core.clj:40):
; : Uncaught exception, not in assertion
; error: java.lang.ClassCastException: class clojure.lang.Var$Unbound cannot be cast to class clojure.lang.IAtom (clojure.lang.Var$Unbound and clojure.lang.IAtom are in unnamed module of loader 'app') (core.clj:40)
; ERROR in todos.topics.tdd-test/test-filter-greater-than (core.clj:49):
; : Uncaught exception, not in assertion
; error: java.lang.ClassCastException: class clojure.lang.Var$Unbound cannot be cast to class clojure.lang.IAtom (clojure.lang.Var$Unbound and clojure.lang.IAtom are in unnamed module of loader 'app') (core.clj:49)
; 18 tests finished, problems found. ðŸ˜­ errors: 2, failures: 0, ns: 1, vars: 7
cljêž‰todos.topics.tdd-testêž‰>Â 
#'todos.topics.stubbing/defmocktest
cljêž‰todos.topics.stubbingêž‰>Â 
; Running all project testsâ€¦
; ERROR in todos.topics.tdd-test/test-fetch-expenses-greater-than (core.clj:40):
; : Uncaught exception, not in assertion
; error: java.lang.ClassCastException: class clojure.lang.Var$Unbound cannot be cast to class clojure.lang.IAtom (clojure.lang.Var$Unbound and clojure.lang.IAtom are in unnamed module of loader 'app') (core.clj:40)
; ERROR in todos.topics.tdd-test/test-filter-greater-than (core.clj:49):
; : Uncaught exception, not in assertion
; error: java.lang.ClassCastException: class clojure.lang.Var$Unbound cannot be cast to class clojure.lang.IAtom (clojure.lang.Var$Unbound and clojure.lang.IAtom are in unnamed module of loader 'app') (core.clj:49)
; 18 tests finished, problems found. ðŸ˜­ errors: 2, failures: 0, ns: 1, vars: 7
cljêž‰todos.topics.stubbingêž‰>Â 
#'todos.topics.tdd-test/expenses-greater-than-test
cljêž‰todos.topics.tdd-testêž‰>Â 
; Running all project testsâ€¦
; ERROR in todos.topics.tdd-test/test-fetch-expenses-greater-than (core.clj:40):
; : Uncaught exception, not in assertion
; error: java.lang.ClassCastException: class clojure.lang.Var$Unbound cannot be cast to class clojure.lang.IAtom (clojure.lang.Var$Unbound and clojure.lang.IAtom are in unnamed module of loader 'app') (core.clj:40)
; ERROR in todos.topics.tdd-test/test-filter-greater-than (core.clj:49):
; : Uncaught exception, not in assertion
; error: java.lang.ClassCastException: class clojure.lang.Var$Unbound cannot be cast to class clojure.lang.IAtom (clojure.lang.Var$Unbound and clojure.lang.IAtom are in unnamed module of loader 'app') (core.clj:49)
; 18 tests finished, problems found. ðŸ˜­ errors: 2, failures: 0, ns: 1, vars: 7
cljêž‰todos.topics.tdd-testêž‰>Â 
#'todos.topics.tdd-test/expenses-greater-than-test
cljêž‰todos.topics.tdd-testêž‰>Â 
; Running all project testsâ€¦
Audit: called  expenses-greater-than  with  10
; ERROR in todos.topics.tdd-test/test-filter-greater-than (core.clj:49):
; : Uncaught exception, not in assertion
; error: java.lang.ClassCastException: class clojure.lang.Var$Unbound cannot be cast to class clojure.lang.IAtom (clojure.lang.Var$Unbound and clojure.lang.IAtom are in unnamed module of loader 'app') (core.clj:49)
; 20 tests finished, problems found. ðŸ˜­ errors: 1, failures: 0, ns: 1, vars: 7
cljêž‰todos.topics.tdd-testêž‰>Â 
#'todos.topics.stubbing/defmocktest
cljêž‰todos.topics.stubbingêž‰>Â 
; Running all project testsâ€¦
Audit: called  expenses-greater-than  with  10
; ERROR in todos.topics.tdd-test/test-filter-greater-than (core.clj:49):
; : Uncaught exception, not in assertion
; error: java.lang.ClassCastException: class clojure.lang.Var$Unbound cannot be cast to class clojure.lang.IAtom (clojure.lang.Var$Unbound and clojure.lang.IAtom are in unnamed module of loader 'app') (core.clj:49)
; 20 tests finished, problems found. ðŸ˜­ errors: 1, failures: 0, ns: 1, vars: 7
cljêž‰todos.topics.stubbingêž‰>Â 
#'todos.topics.tdd-test/expenses-greater-than-test
cljêž‰todos.topics.tdd-testêž‰>Â 
; Running all project testsâ€¦
Audit: called  expenses-greater-than  with  10
; ERROR in todos.topics.tdd-test/test-filter-greater-than (core.clj:49):
; : Uncaught exception, not in assertion
; error: java.lang.ClassCastException: class clojure.lang.Var$Unbound cannot be cast to class clojure.lang.IAtom (clojure.lang.Var$Unbound and clojure.lang.IAtom are in unnamed module of loader 'app') (core.clj:49)
; 20 tests finished, problems found. ðŸ˜­ errors: 1, failures: 0, ns: 1, vars: 7
cljêž‰todos.topics.tdd-testêž‰>Â 
; nREPL Connection was closed
; Jacking in...
; Starting Jack-in Terminal: lein update-in :dependencies conj '[nrepl,"1.0.0"]' -- update-in :plugins conj '[cider/cider-nrepl,"0.28.5"]' -- update-in '[:repl-options,:nrepl-middleware]' conj '["cider.nrepl/cider-middleware"]' -- repl :headless
; Hooking up nREPL sessions...
; Connected session: clj
; TIPS:
;   - You can edit the contents here. Use it as a REPL if you like.
;   - `alt+enter` evaluates the current top level form.
;   - `ctrl+enter` evaluates the current form.
;   - `alt+up` and `alt+down` traverse up and down the REPL command history
;      when the cursor is after the last contents at the prompt
;   - Clojure lines in stack traces are peekable and clickable.
cljêž‰todos.coreêž‰>Â 
; Jack-in done.
cljêž‰todos.coreêž‰>Â 
#'todos.topics.tdd/fetch-expenses-greater-than
cljêž‰todos.topics.tddêž‰>Â 
; Syntax error compiling at (tdd_test.clj:55:12).
; No such var: todos.topics.stubbing/mock-calls
cljêž‰todos.topics.tdd-testêž‰>Â 
#'todos.topics.stubbing/defmocktest
cljêž‰todos.topics.stubbingêž‰>Â 
#'todos.topics.tdd-test/expenses-greater-than-test
cljêž‰todos.topics.tdd-testêž‰>Â 
; Running all project testsâ€¦
Audit: called  expenses-greater-than  with  10
; 19 tests finished, all passing ðŸ‘, ns: 1, vars: 6
cljêž‰todos.topics.tdd-testêž‰>Â 
#'todos.topics.stubbing/mocking
cljêž‰todos.topics.stubbingêž‰>Â 
#'todos.topics.tdd-test/expenses-greater-than-test
cljêž‰todos.topics.tdd-testêž‰>Â 
; Running all project testsâ€¦
Audit: called  expenses-greater-than  with  10
; 19 tests finished, all passing ðŸ‘, ns: 1, vars: 6
cljêž‰todos.topics.tdd-testêž‰>Â 
#'todos.topics.tdd-test/expenses-greater-than-test
cljêž‰todos.topics.tdd-testêž‰>Â 
; Running all project testsâ€¦
Audit: called  expenses-greater-than  with  10
; FAIL in todos.topics.tdd-test/expenses-greater-than-test (form-init11109390307925406588.clj:56):
; log-call called incorrectly
; expected:
2

; actual:
1

; 19 tests finished, problems found. ðŸ˜­ errors: 0, failures: 1, ns: 1, vars: 6
cljêž‰todos.topics.tdd-testêž‰>Â 
#'todos.topics.tdd-test/expenses-greater-than-test
cljêž‰todos.topics.tdd-testêž‰>Â 
; Running all project testsâ€¦
Audit: called  expenses-greater-than  with  10
; FAIL in todos.topics.tdd-test/expenses-greater-than-test (form-init11109390307925406588.clj:56):
; log-call called correctly
; expected:
2

; actual:
1

; 19 tests finished, problems found. ðŸ˜­ errors: 0, failures: 1, ns: 1, vars: 6
cljêž‰todos.topics.tdd-testêž‰>Â 
#'todos.topics.tdd-test/expenses-greater-than-test
cljêž‰todos.topics.tdd-testêž‰>Â 
; Running all project testsâ€¦
Audit: called  expenses-greater-than  with  10
; 19 tests finished, all passing ðŸ‘, ns: 1, vars: 6
cljêž‰todos.topics.tdd-testêž‰>Â 
#'todos.topics.tdd-test/simple-upper-test
cljêž‰todos.topics.tdd-testêž‰>Â 
; Running all project testsâ€¦
Audit: called  expenses-greater-than  with  10
; 21 tests finished, all passing ðŸ‘, ns: 1, vars: 7
cljêž‰todos.topics.tdd-testêž‰>Â 
#'todos.topics.tdd-test/simple-upper-test
cljêž‰todos.topics.tdd-testêž‰>Â 
; Running all project testsâ€¦
Audit: called  expenses-greater-than  with  10
; FAIL in todos.topics.tdd-test/simple-upper-test (form-init11109390307925406588.clj:61):
; expected:
"WORLDd"

; actual:
"WORLD"

; 21 tests finished, problems found. ðŸ˜­ errors: 0, failures: 1, ns: 1, vars: 7
cljêž‰todos.topics.tdd-testêž‰>Â 
; Running all project testsâ€¦
Audit: called  expenses-greater-than  with  10
; FAIL in todos.topics.tdd-test/simple-upper-test (form-init11109390307925406588.clj:61):
; expected:
"WORLDd"

; actual:
"WORLD"

; 21 tests finished, problems found. ðŸ˜­ errors: 0, failures: 1, ns: 1, vars: 7
cljêž‰todos.topics.tdd-testêž‰>Â 
#'todos.topics.tdd-test/simple-upper-test
cljêž‰todos.topics.tdd-testêž‰>Â 
; Running all project testsâ€¦
Audit: called  expenses-greater-than  with  10
; 21 tests finished, all passing ðŸ‘, ns: 1, vars: 7
cljêž‰todos.topics.tdd-testêž‰>Â 
